/home/henry/Rover-Unity/unity_udp_ros_bridge/install/unity_udp_ros_bridge/lib/python3.10/site-packages/unity_udp_ros_bridge/UDPBridgeSub.py
/home/henry/Rover-Unity/unity_udp_ros_bridge/install/unity_udp_ros_bridge/lib/python3.10/site-packages/unity_udp_ros_bridge/UDPServer.py
/home/henry/Rover-Unity/unity_udp_ros_bridge/install/unity_udp_ros_bridge/lib/python3.10/site-packages/unity_udp_ros_bridge/test_udp_server.py
/home/henry/Rover-Unity/unity_udp_ros_bridge/install/unity_udp_ros_bridge/lib/python3.10/site-packages/unity_udp_ros_bridge/test_udp.py
/home/henry/Rover-Unity/unity_udp_ros_bridge/install/unity_udp_ros_bridge/lib/python3.10/site-packages/unity_udp_ros_bridge/UDPBridgePub.py
/home/henry/Rover-Unity/unity_udp_ros_bridge/install/unity_udp_ros_bridge/lib/python3.10/site-packages/unity_udp_ros_bridge/UDPBridgeSrv.py
/home/henry/Rover-Unity/unity_udp_ros_bridge/install/unity_udp_ros_bridge/lib/python3.10/site-packages/unity_udp_ros_bridge/setbool_server.py
/home/henry/Rover-Unity/unity_udp_ros_bridge/install/unity_udp_ros_bridge/lib/python3.10/site-packages/unity_udp_ros_bridge/__init__.py
/home/henry/Rover-Unity/unity_udp_ros_bridge/install/unity_udp_ros_bridge/lib/python3.10/site-packages/unity_udp_ros_bridge/__pycache__/UDPBridgeSub.cpython-310.pyc
/home/henry/Rover-Unity/unity_udp_ros_bridge/install/unity_udp_ros_bridge/lib/python3.10/site-packages/unity_udp_ros_bridge/__pycache__/UDPServer.cpython-310.pyc
/home/henry/Rover-Unity/unity_udp_ros_bridge/install/unity_udp_ros_bridge/lib/python3.10/site-packages/unity_udp_ros_bridge/__pycache__/test_udp_server.cpython-310.pyc
/home/henry/Rover-Unity/unity_udp_ros_bridge/install/unity_udp_ros_bridge/lib/python3.10/site-packages/unity_udp_ros_bridge/__pycache__/test_udp.cpython-310.pyc
/home/henry/Rover-Unity/unity_udp_ros_bridge/install/unity_udp_ros_bridge/lib/python3.10/site-packages/unity_udp_ros_bridge/__pycache__/UDPBridgePub.cpython-310.pyc
/home/henry/Rover-Unity/unity_udp_ros_bridge/install/unity_udp_ros_bridge/lib/python3.10/site-packages/unity_udp_ros_bridge/__pycache__/UDPBridgeSrv.cpython-310.pyc
/home/henry/Rover-Unity/unity_udp_ros_bridge/install/unity_udp_ros_bridge/lib/python3.10/site-packages/unity_udp_ros_bridge/__pycache__/setbool_server.cpython-310.pyc
/home/henry/Rover-Unity/unity_udp_ros_bridge/install/unity_udp_ros_bridge/lib/python3.10/site-packages/unity_udp_ros_bridge/__pycache__/__init__.cpython-310.pyc
/home/henry/Rover-Unity/unity_udp_ros_bridge/install/unity_udp_ros_bridge/share/ament_index/resource_index/packages/unity_udp_ros_bridge
/home/henry/Rover-Unity/unity_udp_ros_bridge/install/unity_udp_ros_bridge/share/unity_udp_ros_bridge/package.xml
/home/henry/Rover-Unity/unity_udp_ros_bridge/install/unity_udp_ros_bridge/share/unity_udp_ros_bridge/launch/udp_bridge_launch.py
/home/henry/Rover-Unity/unity_udp_ros_bridge/install/unity_udp_ros_bridge/lib/python3.10/site-packages/unity_udp_ros_bridge-0.0.0-py3.10.egg-info/PKG-INFO
/home/henry/Rover-Unity/unity_udp_ros_bridge/install/unity_udp_ros_bridge/lib/python3.10/site-packages/unity_udp_ros_bridge-0.0.0-py3.10.egg-info/entry_points.txt
/home/henry/Rover-Unity/unity_udp_ros_bridge/install/unity_udp_ros_bridge/lib/python3.10/site-packages/unity_udp_ros_bridge-0.0.0-py3.10.egg-info/dependency_links.txt
/home/henry/Rover-Unity/unity_udp_ros_bridge/install/unity_udp_ros_bridge/lib/python3.10/site-packages/unity_udp_ros_bridge-0.0.0-py3.10.egg-info/zip-safe
/home/henry/Rover-Unity/unity_udp_ros_bridge/install/unity_udp_ros_bridge/lib/python3.10/site-packages/unity_udp_ros_bridge-0.0.0-py3.10.egg-info/requires.txt
/home/henry/Rover-Unity/unity_udp_ros_bridge/install/unity_udp_ros_bridge/lib/python3.10/site-packages/unity_udp_ros_bridge-0.0.0-py3.10.egg-info/SOURCES.txt
/home/henry/Rover-Unity/unity_udp_ros_bridge/install/unity_udp_ros_bridge/lib/python3.10/site-packages/unity_udp_ros_bridge-0.0.0-py3.10.egg-info/top_level.txt
/home/henry/Rover-Unity/unity_udp_ros_bridge/install/unity_udp_ros_bridge/lib/unity_udp_ros_bridge/udp_bridge_pub
/home/henry/Rover-Unity/unity_udp_ros_bridge/install/unity_udp_ros_bridge/lib/unity_udp_ros_bridge/udp_bridge_srv
/home/henry/Rover-Unity/unity_udp_ros_bridge/install/unity_udp_ros_bridge/lib/unity_udp_ros_bridge/udp_bridge_sub
