[0.882s] Invoking command in '/home/henry/Rover-Unity/unity_udp_ros_bridge': PYTHONPATH=/home/henry/Rover-Unity/unity_udp_ros_bridge/build/unity_udp_ros_bridge/prefix_override:/usr/lib/python3/dist-packages/colcon_core/task/python/colcon_distutils_commands:/home/henry/Rover-Unity/unity_udp_ros_bridge/install/unity_udp_ros_bridge/lib/python3.10/site-packages:${PYTHONPATH} /usr/bin/python3 -W ignore:setup.py install is deprecated -W ignore:easy_install command is deprecated setup.py egg_info --egg-base build/unity_udp_ros_bridge build --build-base /home/henry/Rover-Unity/unity_udp_ros_bridge/build/unity_udp_ros_bridge/build install --record /home/henry/Rover-Unity/unity_udp_ros_bridge/build/unity_udp_ros_bridge/install.log --single-version-externally-managed install_data
[1.203s] running egg_info
[1.204s] writing build/unity_udp_ros_bridge/unity_udp_ros_bridge.egg-info/PKG-INFO
[1.204s] writing dependency_links to build/unity_udp_ros_bridge/unity_udp_ros_bridge.egg-info/dependency_links.txt
[1.204s] writing entry points to build/unity_udp_ros_bridge/unity_udp_ros_bridge.egg-info/entry_points.txt
[1.204s] writing requirements to build/unity_udp_ros_bridge/unity_udp_ros_bridge.egg-info/requires.txt
[1.205s] writing top-level names to build/unity_udp_ros_bridge/unity_udp_ros_bridge.egg-info/top_level.txt
[1.207s] reading manifest file 'build/unity_udp_ros_bridge/unity_udp_ros_bridge.egg-info/SOURCES.txt'
[1.208s] writing manifest file 'build/unity_udp_ros_bridge/unity_udp_ros_bridge.egg-info/SOURCES.txt'
[1.208s] running build
[1.208s] running build_py
[1.209s] running install
[1.209s] running install_lib
[1.211s] running install_data
[1.211s] copying launch/udp_bridge_launch.py -> /home/henry/Rover-Unity/unity_udp_ros_bridge/install/unity_udp_ros_bridge/share/unity_udp_ros_bridge/launch
[1.211s] running install_egg_info
[1.214s] removing '/home/henry/Rover-Unity/unity_udp_ros_bridge/install/unity_udp_ros_bridge/lib/python3.10/site-packages/unity_udp_ros_bridge-0.0.0-py3.10.egg-info' (and everything under it)
[1.214s] Copying build/unity_udp_ros_bridge/unity_udp_ros_bridge.egg-info to /home/henry/Rover-Unity/unity_udp_ros_bridge/install/unity_udp_ros_bridge/lib/python3.10/site-packages/unity_udp_ros_bridge-0.0.0-py3.10.egg-info
[1.215s] running install_scripts
[1.248s] Installing udp_bridge_pub script to /home/henry/Rover-Unity/unity_udp_ros_bridge/install/unity_udp_ros_bridge/lib/unity_udp_ros_bridge
[1.248s] Installing udp_bridge_srv script to /home/henry/Rover-Unity/unity_udp_ros_bridge/install/unity_udp_ros_bridge/lib/unity_udp_ros_bridge
[1.248s] Installing udp_bridge_sub script to /home/henry/Rover-Unity/unity_udp_ros_bridge/install/unity_udp_ros_bridge/lib/unity_udp_ros_bridge
[1.249s] writing list of installed files to '/home/henry/Rover-Unity/unity_udp_ros_bridge/build/unity_udp_ros_bridge/install.log'
[1.281s] Invoked command in '/home/henry/Rover-Unity/unity_udp_ros_bridge' returned '0': PYTHONPATH=/home/henry/Rover-Unity/unity_udp_ros_bridge/build/unity_udp_ros_bridge/prefix_override:/usr/lib/python3/dist-packages/colcon_core/task/python/colcon_distutils_commands:/home/henry/Rover-Unity/unity_udp_ros_bridge/install/unity_udp_ros_bridge/lib/python3.10/site-packages:${PYTHONPATH} /usr/bin/python3 -W ignore:setup.py install is deprecated -W ignore:easy_install command is deprecated setup.py egg_info --egg-base build/unity_udp_ros_bridge build --build-base /home/henry/Rover-Unity/unity_udp_ros_bridge/build/unity_udp_ros_bridge/build install --record /home/henry/Rover-Unity/unity_udp_ros_bridge/build/unity_udp_ros_bridge/install.log --single-version-externally-managed install_data
