[0.916s] Invoking command in '/home/henry/Rover-Unity/unity_udp_ros_bridge': PYTHONPATH=/home/henry/Rover-Unity/unity_udp_ros_bridge/build/unity_udp_ros_bridge/prefix_override:/usr/lib/python3/dist-packages/colcon_core/task/python/colcon_distutils_commands:/home/henry/Rover-Unity/unity_udp_ros_bridge/install/unity_udp_ros_bridge/lib/python3.10/site-packages:${PYTHONPATH} /usr/bin/python3 -W ignore:setup.py install is deprecated -W ignore:easy_install command is deprecated setup.py egg_info --egg-base build/unity_udp_ros_bridge build --build-base /home/henry/Rover-Unity/unity_udp_ros_bridge/build/unity_udp_ros_bridge/build install --record /home/henry/Rover-Unity/unity_udp_ros_bridge/build/unity_udp_ros_bridge/install.log --single-version-externally-managed install_data
[1.245s] running egg_info
[1.245s] creating build/unity_udp_ros_bridge/unity_udp_ros_bridge.egg-info
[1.246s] writing build/unity_udp_ros_bridge/unity_udp_ros_bridge.egg-info/PKG-INFO
[1.246s] writing dependency_links to build/unity_udp_ros_bridge/unity_udp_ros_bridge.egg-info/dependency_links.txt
[1.246s] writing entry points to build/unity_udp_ros_bridge/unity_udp_ros_bridge.egg-info/entry_points.txt
[1.246s] writing requirements to build/unity_udp_ros_bridge/unity_udp_ros_bridge.egg-info/requires.txt
[1.246s] writing top-level names to build/unity_udp_ros_bridge/unity_udp_ros_bridge.egg-info/top_level.txt
[1.246s] writing manifest file 'build/unity_udp_ros_bridge/unity_udp_ros_bridge.egg-info/SOURCES.txt'
[1.248s] reading manifest file 'build/unity_udp_ros_bridge/unity_udp_ros_bridge.egg-info/SOURCES.txt'
[1.250s] writing manifest file 'build/unity_udp_ros_bridge/unity_udp_ros_bridge.egg-info/SOURCES.txt'
[1.250s] running build
[1.250s] running build_py
[1.250s] creating /home/henry/Rover-Unity/unity_udp_ros_bridge/build/unity_udp_ros_bridge/build
[1.251s] creating /home/henry/Rover-Unity/unity_udp_ros_bridge/build/unity_udp_ros_bridge/build/lib
[1.251s] creating /home/henry/Rover-Unity/unity_udp_ros_bridge/build/unity_udp_ros_bridge/build/lib/unity_udp_ros_bridge
[1.251s] copying unity_udp_ros_bridge/UDPBridgeSub.py -> /home/henry/Rover-Unity/unity_udp_ros_bridge/build/unity_udp_ros_bridge/build/lib/unity_udp_ros_bridge
[1.252s] copying unity_udp_ros_bridge/UDPServer.py -> /home/henry/Rover-Unity/unity_udp_ros_bridge/build/unity_udp_ros_bridge/build/lib/unity_udp_ros_bridge
[1.252s] copying unity_udp_ros_bridge/test_udp_server.py -> /home/henry/Rover-Unity/unity_udp_ros_bridge/build/unity_udp_ros_bridge/build/lib/unity_udp_ros_bridge
[1.252s] copying unity_udp_ros_bridge/test_udp.py -> /home/henry/Rover-Unity/unity_udp_ros_bridge/build/unity_udp_ros_bridge/build/lib/unity_udp_ros_bridge
[1.252s] copying unity_udp_ros_bridge/UDPBridgePub.py -> /home/henry/Rover-Unity/unity_udp_ros_bridge/build/unity_udp_ros_bridge/build/lib/unity_udp_ros_bridge
[1.252s] copying unity_udp_ros_bridge/UDPBridgeSrv.py -> /home/henry/Rover-Unity/unity_udp_ros_bridge/build/unity_udp_ros_bridge/build/lib/unity_udp_ros_bridge
[1.252s] copying unity_udp_ros_bridge/setbool_server.py -> /home/henry/Rover-Unity/unity_udp_ros_bridge/build/unity_udp_ros_bridge/build/lib/unity_udp_ros_bridge
[1.252s] copying unity_udp_ros_bridge/__init__.py -> /home/henry/Rover-Unity/unity_udp_ros_bridge/build/unity_udp_ros_bridge/build/lib/unity_udp_ros_bridge
[1.253s] running install
[1.253s] running install_lib
[1.253s] creating /home/henry/Rover-Unity/unity_udp_ros_bridge/install/unity_udp_ros_bridge/lib/python3.10/site-packages/unity_udp_ros_bridge
[1.253s] copying /home/henry/Rover-Unity/unity_udp_ros_bridge/build/unity_udp_ros_bridge/build/lib/unity_udp_ros_bridge/UDPBridgeSub.py -> /home/henry/Rover-Unity/unity_udp_ros_bridge/install/unity_udp_ros_bridge/lib/python3.10/site-packages/unity_udp_ros_bridge
[1.253s] copying /home/henry/Rover-Unity/unity_udp_ros_bridge/build/unity_udp_ros_bridge/build/lib/unity_udp_ros_bridge/UDPServer.py -> /home/henry/Rover-Unity/unity_udp_ros_bridge/install/unity_udp_ros_bridge/lib/python3.10/site-packages/unity_udp_ros_bridge
[1.253s] copying /home/henry/Rover-Unity/unity_udp_ros_bridge/build/unity_udp_ros_bridge/build/lib/unity_udp_ros_bridge/test_udp_server.py -> /home/henry/Rover-Unity/unity_udp_ros_bridge/install/unity_udp_ros_bridge/lib/python3.10/site-packages/unity_udp_ros_bridge
[1.253s] copying /home/henry/Rover-Unity/unity_udp_ros_bridge/build/unity_udp_ros_bridge/build/lib/unity_udp_ros_bridge/test_udp.py -> /home/henry/Rover-Unity/unity_udp_ros_bridge/install/unity_udp_ros_bridge/lib/python3.10/site-packages/unity_udp_ros_bridge
[1.253s] copying /home/henry/Rover-Unity/unity_udp_ros_bridge/build/unity_udp_ros_bridge/build/lib/unity_udp_ros_bridge/UDPBridgePub.py -> /home/henry/Rover-Unity/unity_udp_ros_bridge/install/unity_udp_ros_bridge/lib/python3.10/site-packages/unity_udp_ros_bridge
[1.253s] copying /home/henry/Rover-Unity/unity_udp_ros_bridge/build/unity_udp_ros_bridge/build/lib/unity_udp_ros_bridge/UDPBridgeSrv.py -> /home/henry/Rover-Unity/unity_udp_ros_bridge/install/unity_udp_ros_bridge/lib/python3.10/site-packages/unity_udp_ros_bridge
[1.254s] copying /home/henry/Rover-Unity/unity_udp_ros_bridge/build/unity_udp_ros_bridge/build/lib/unity_udp_ros_bridge/setbool_server.py -> /home/henry/Rover-Unity/unity_udp_ros_bridge/install/unity_udp_ros_bridge/lib/python3.10/site-packages/unity_udp_ros_bridge
[1.254s] copying /home/henry/Rover-Unity/unity_udp_ros_bridge/build/unity_udp_ros_bridge/build/lib/unity_udp_ros_bridge/__init__.py -> /home/henry/Rover-Unity/unity_udp_ros_bridge/install/unity_udp_ros_bridge/lib/python3.10/site-packages/unity_udp_ros_bridge
[1.254s] byte-compiling /home/henry/Rover-Unity/unity_udp_ros_bridge/install/unity_udp_ros_bridge/lib/python3.10/site-packages/unity_udp_ros_bridge/UDPBridgeSub.py to UDPBridgeSub.cpython-310.pyc
[1.256s] byte-compiling /home/henry/Rover-Unity/unity_udp_ros_bridge/install/unity_udp_ros_bridge/lib/python3.10/site-packages/unity_udp_ros_bridge/UDPServer.py to UDPServer.cpython-310.pyc
[1.257s] byte-compiling /home/henry/Rover-Unity/unity_udp_ros_bridge/install/unity_udp_ros_bridge/lib/python3.10/site-packages/unity_udp_ros_bridge/test_udp_server.py to test_udp_server.cpython-310.pyc
[1.257s] byte-compiling /home/henry/Rover-Unity/unity_udp_ros_bridge/install/unity_udp_ros_bridge/lib/python3.10/site-packages/unity_udp_ros_bridge/test_udp.py to test_udp.cpython-310.pyc
[1.258s] byte-compiling /home/henry/Rover-Unity/unity_udp_ros_bridge/install/unity_udp_ros_bridge/lib/python3.10/site-packages/unity_udp_ros_bridge/UDPBridgePub.py to UDPBridgePub.cpython-310.pyc
[1.259s] byte-compiling /home/henry/Rover-Unity/unity_udp_ros_bridge/install/unity_udp_ros_bridge/lib/python3.10/site-packages/unity_udp_ros_bridge/UDPBridgeSrv.py to UDPBridgeSrv.cpython-310.pyc
[1.261s] byte-compiling /home/henry/Rover-Unity/unity_udp_ros_bridge/install/unity_udp_ros_bridge/lib/python3.10/site-packages/unity_udp_ros_bridge/setbool_server.py to setbool_server.cpython-310.pyc
[1.262s] byte-compiling /home/henry/Rover-Unity/unity_udp_ros_bridge/install/unity_udp_ros_bridge/lib/python3.10/site-packages/unity_udp_ros_bridge/__init__.py to __init__.cpython-310.pyc
[1.262s] running install_data
[1.262s] creating /home/henry/Rover-Unity/unity_udp_ros_bridge/install/unity_udp_ros_bridge/share/ament_index
[1.262s] creating /home/henry/Rover-Unity/unity_udp_ros_bridge/install/unity_udp_ros_bridge/share/ament_index/resource_index
[1.262s] creating /home/henry/Rover-Unity/unity_udp_ros_bridge/install/unity_udp_ros_bridge/share/ament_index/resource_index/packages
[1.263s] copying resource/unity_udp_ros_bridge -> /home/henry/Rover-Unity/unity_udp_ros_bridge/install/unity_udp_ros_bridge/share/ament_index/resource_index/packages
[1.263s] copying package.xml -> /home/henry/Rover-Unity/unity_udp_ros_bridge/install/unity_udp_ros_bridge/share/unity_udp_ros_bridge
[1.263s] creating /home/henry/Rover-Unity/unity_udp_ros_bridge/install/unity_udp_ros_bridge/share/unity_udp_ros_bridge/launch
[1.263s] copying launch/udp_bridge_launch.py -> /home/henry/Rover-Unity/unity_udp_ros_bridge/install/unity_udp_ros_bridge/share/unity_udp_ros_bridge/launch
[1.263s] running install_egg_info
[1.266s] Copying build/unity_udp_ros_bridge/unity_udp_ros_bridge.egg-info to /home/henry/Rover-Unity/unity_udp_ros_bridge/install/unity_udp_ros_bridge/lib/python3.10/site-packages/unity_udp_ros_bridge-0.0.0-py3.10.egg-info
[1.267s] running install_scripts
[1.298s] Installing udp_bridge_pub script to /home/henry/Rover-Unity/unity_udp_ros_bridge/install/unity_udp_ros_bridge/lib/unity_udp_ros_bridge
[1.298s] Installing udp_bridge_srv script to /home/henry/Rover-Unity/unity_udp_ros_bridge/install/unity_udp_ros_bridge/lib/unity_udp_ros_bridge
[1.298s] Installing udp_bridge_sub script to /home/henry/Rover-Unity/unity_udp_ros_bridge/install/unity_udp_ros_bridge/lib/unity_udp_ros_bridge
[1.298s] writing list of installed files to '/home/henry/Rover-Unity/unity_udp_ros_bridge/build/unity_udp_ros_bridge/install.log'
[1.328s] Invoked command in '/home/henry/Rover-Unity/unity_udp_ros_bridge' returned '0': PYTHONPATH=/home/henry/Rover-Unity/unity_udp_ros_bridge/build/unity_udp_ros_bridge/prefix_override:/usr/lib/python3/dist-packages/colcon_core/task/python/colcon_distutils_commands:/home/henry/Rover-Unity/unity_udp_ros_bridge/install/unity_udp_ros_bridge/lib/python3.10/site-packages:${PYTHONPATH} /usr/bin/python3 -W ignore:setup.py install is deprecated -W ignore:easy_install command is deprecated setup.py egg_info --egg-base build/unity_udp_ros_bridge build --build-base /home/henry/Rover-Unity/unity_udp_ros_bridge/build/unity_udp_ros_bridge/build install --record /home/henry/Rover-Unity/unity_udp_ros_bridge/build/unity_udp_ros_bridge/install.log --single-version-externally-managed install_data
