[0.554s] Invoking command in '/home/henry/Rover-Unity/unity_udp_ros_bridge': PYTHONPATH=/home/henry/Rover-Unity/unity_udp_ros_bridge/build/unity_udp_ros_bridge/prefix_override:/usr/lib/python3/dist-packages/colcon_core/task/python/colcon_distutils_commands:/home/henry/Rover-Unity/unity_udp_ros_bridge/install/unity_udp_ros_bridge/lib/python3.10/site-packages:${PYTHONPATH} /usr/bin/python3 -W ignore:setup.py install is deprecated -W ignore:easy_install command is deprecated setup.py egg_info --egg-base build/unity_udp_ros_bridge build --build-base /home/henry/Rover-Unity/unity_udp_ros_bridge/build/unity_udp_ros_bridge/build install --record /home/henry/Rover-Unity/unity_udp_ros_bridge/build/unity_udp_ros_bridge/install.log --single-version-externally-managed install_data
[0.752s] running egg_info
[0.752s] creating build/unity_udp_ros_bridge/unity_udp_ros_bridge.egg-info
[0.753s] writing build/unity_udp_ros_bridge/unity_udp_ros_bridge.egg-info/PKG-INFO
[0.753s] writing dependency_links to build/unity_udp_ros_bridge/unity_udp_ros_bridge.egg-info/dependency_links.txt
[0.753s] writing entry points to build/unity_udp_ros_bridge/unity_udp_ros_bridge.egg-info/entry_points.txt
[0.753s] writing requirements to build/unity_udp_ros_bridge/unity_udp_ros_bridge.egg-info/requires.txt
[0.753s] writing top-level names to build/unity_udp_ros_bridge/unity_udp_ros_bridge.egg-info/top_level.txt
[0.754s] writing manifest file 'build/unity_udp_ros_bridge/unity_udp_ros_bridge.egg-info/SOURCES.txt'
[0.755s] reading manifest file 'build/unity_udp_ros_bridge/unity_udp_ros_bridge.egg-info/SOURCES.txt'
[0.756s] writing manifest file 'build/unity_udp_ros_bridge/unity_udp_ros_bridge.egg-info/SOURCES.txt'
[0.756s] running build
[0.756s] running build_py
[0.756s] creating /home/henry/Rover-Unity/unity_udp_ros_bridge/build/unity_udp_ros_bridge/build
[0.757s] creating /home/henry/Rover-Unity/unity_udp_ros_bridge/build/unity_udp_ros_bridge/build/lib
[0.757s] creating /home/henry/Rover-Unity/unity_udp_ros_bridge/build/unity_udp_ros_bridge/build/lib/unity_udp_ros_bridge
[0.757s] copying unity_udp_ros_bridge/UDPBridgeSub.py -> /home/henry/Rover-Unity/unity_udp_ros_bridge/build/unity_udp_ros_bridge/build/lib/unity_udp_ros_bridge
[0.758s] copying unity_udp_ros_bridge/UDPServer.py -> /home/henry/Rover-Unity/unity_udp_ros_bridge/build/unity_udp_ros_bridge/build/lib/unity_udp_ros_bridge
[0.759s] copying unity_udp_ros_bridge/test_udp_server.py -> /home/henry/Rover-Unity/unity_udp_ros_bridge/build/unity_udp_ros_bridge/build/lib/unity_udp_ros_bridge
[0.759s] copying unity_udp_ros_bridge/test_udp.py -> /home/henry/Rover-Unity/unity_udp_ros_bridge/build/unity_udp_ros_bridge/build/lib/unity_udp_ros_bridge
[0.759s] copying unity_udp_ros_bridge/UDPBridgePub.py -> /home/henry/Rover-Unity/unity_udp_ros_bridge/build/unity_udp_ros_bridge/build/lib/unity_udp_ros_bridge
[0.759s] copying unity_udp_ros_bridge/UDPBridgeSrv.py -> /home/henry/Rover-Unity/unity_udp_ros_bridge/build/unity_udp_ros_bridge/build/lib/unity_udp_ros_bridge
[0.759s] copying unity_udp_ros_bridge/setbool_server.py -> /home/henry/Rover-Unity/unity_udp_ros_bridge/build/unity_udp_ros_bridge/build/lib/unity_udp_ros_bridge
[0.760s] copying unity_udp_ros_bridge/__init__.py -> /home/henry/Rover-Unity/unity_udp_ros_bridge/build/unity_udp_ros_bridge/build/lib/unity_udp_ros_bridge
[0.760s] running install
[0.760s] running install_lib
[0.761s] creating /home/henry/Rover-Unity/unity_udp_ros_bridge/install/unity_udp_ros_bridge/lib/python3.10/site-packages/unity_udp_ros_bridge
[0.761s] copying /home/henry/Rover-Unity/unity_udp_ros_bridge/build/unity_udp_ros_bridge/build/lib/unity_udp_ros_bridge/UDPBridgeSub.py -> /home/henry/Rover-Unity/unity_udp_ros_bridge/install/unity_udp_ros_bridge/lib/python3.10/site-packages/unity_udp_ros_bridge
[0.761s] copying /home/henry/Rover-Unity/unity_udp_ros_bridge/build/unity_udp_ros_bridge/build/lib/unity_udp_ros_bridge/UDPServer.py -> /home/henry/Rover-Unity/unity_udp_ros_bridge/install/unity_udp_ros_bridge/lib/python3.10/site-packages/unity_udp_ros_bridge
[0.761s] copying /home/henry/Rover-Unity/unity_udp_ros_bridge/build/unity_udp_ros_bridge/build/lib/unity_udp_ros_bridge/test_udp_server.py -> /home/henry/Rover-Unity/unity_udp_ros_bridge/install/unity_udp_ros_bridge/lib/python3.10/site-packages/unity_udp_ros_bridge
[0.761s] copying /home/henry/Rover-Unity/unity_udp_ros_bridge/build/unity_udp_ros_bridge/build/lib/unity_udp_ros_bridge/test_udp.py -> /home/henry/Rover-Unity/unity_udp_ros_bridge/install/unity_udp_ros_bridge/lib/python3.10/site-packages/unity_udp_ros_bridge
[0.761s] copying /home/henry/Rover-Unity/unity_udp_ros_bridge/build/unity_udp_ros_bridge/build/lib/unity_udp_ros_bridge/UDPBridgePub.py -> /home/henry/Rover-Unity/unity_udp_ros_bridge/install/unity_udp_ros_bridge/lib/python3.10/site-packages/unity_udp_ros_bridge
[0.762s] copying /home/henry/Rover-Unity/unity_udp_ros_bridge/build/unity_udp_ros_bridge/build/lib/unity_udp_ros_bridge/UDPBridgeSrv.py -> /home/henry/Rover-Unity/unity_udp_ros_bridge/install/unity_udp_ros_bridge/lib/python3.10/site-packages/unity_udp_ros_bridge
[0.762s] copying /home/henry/Rover-Unity/unity_udp_ros_bridge/build/unity_udp_ros_bridge/build/lib/unity_udp_ros_bridge/setbool_server.py -> /home/henry/Rover-Unity/unity_udp_ros_bridge/install/unity_udp_ros_bridge/lib/python3.10/site-packages/unity_udp_ros_bridge
[0.762s] copying /home/henry/Rover-Unity/unity_udp_ros_bridge/build/unity_udp_ros_bridge/build/lib/unity_udp_ros_bridge/__init__.py -> /home/henry/Rover-Unity/unity_udp_ros_bridge/install/unity_udp_ros_bridge/lib/python3.10/site-packages/unity_udp_ros_bridge
[0.762s] byte-compiling /home/henry/Rover-Unity/unity_udp_ros_bridge/install/unity_udp_ros_bridge/lib/python3.10/site-packages/unity_udp_ros_bridge/UDPBridgeSub.py to UDPBridgeSub.cpython-310.pyc
[0.763s] byte-compiling /home/henry/Rover-Unity/unity_udp_ros_bridge/install/unity_udp_ros_bridge/lib/python3.10/site-packages/unity_udp_ros_bridge/UDPServer.py to UDPServer.cpython-310.pyc
[0.763s] byte-compiling /home/henry/Rover-Unity/unity_udp_ros_bridge/install/unity_udp_ros_bridge/lib/python3.10/site-packages/unity_udp_ros_bridge/test_udp_server.py to test_udp_server.cpython-310.pyc
[0.763s] byte-compiling /home/henry/Rover-Unity/unity_udp_ros_bridge/install/unity_udp_ros_bridge/lib/python3.10/site-packages/unity_udp_ros_bridge/test_udp.py to test_udp.cpython-310.pyc
[0.763s] byte-compiling /home/henry/Rover-Unity/unity_udp_ros_bridge/install/unity_udp_ros_bridge/lib/python3.10/site-packages/unity_udp_ros_bridge/UDPBridgePub.py to UDPBridgePub.cpython-310.pyc
[0.764s] byte-compiling /home/henry/Rover-Unity/unity_udp_ros_bridge/install/unity_udp_ros_bridge/lib/python3.10/site-packages/unity_udp_ros_bridge/UDPBridgeSrv.py to UDPBridgeSrv.cpython-310.pyc
[0.765s] byte-compiling /home/henry/Rover-Unity/unity_udp_ros_bridge/install/unity_udp_ros_bridge/lib/python3.10/site-packages/unity_udp_ros_bridge/setbool_server.py to setbool_server.cpython-310.pyc
[0.766s] byte-compiling /home/henry/Rover-Unity/unity_udp_ros_bridge/install/unity_udp_ros_bridge/lib/python3.10/site-packages/unity_udp_ros_bridge/__init__.py to __init__.cpython-310.pyc
[0.766s] running install_data
[0.766s] creating /home/henry/Rover-Unity/unity_udp_ros_bridge/install/unity_udp_ros_bridge/share/ament_index
[0.766s] creating /home/henry/Rover-Unity/unity_udp_ros_bridge/install/unity_udp_ros_bridge/share/ament_index/resource_index
[0.766s] creating /home/henry/Rover-Unity/unity_udp_ros_bridge/install/unity_udp_ros_bridge/share/ament_index/resource_index/packages
[0.766s] copying resource/unity_udp_ros_bridge -> /home/henry/Rover-Unity/unity_udp_ros_bridge/install/unity_udp_ros_bridge/share/ament_index/resource_index/packages
[0.766s] copying package.xml -> /home/henry/Rover-Unity/unity_udp_ros_bridge/install/unity_udp_ros_bridge/share/unity_udp_ros_bridge
[0.766s] creating /home/henry/Rover-Unity/unity_udp_ros_bridge/install/unity_udp_ros_bridge/share/unity_udp_ros_bridge/launch
[0.766s] copying launch/udp_bridge_launch.py -> /home/henry/Rover-Unity/unity_udp_ros_bridge/install/unity_udp_ros_bridge/share/unity_udp_ros_bridge/launch
[0.767s] running install_egg_info
[0.769s] Copying build/unity_udp_ros_bridge/unity_udp_ros_bridge.egg-info to /home/henry/Rover-Unity/unity_udp_ros_bridge/install/unity_udp_ros_bridge/lib/python3.10/site-packages/unity_udp_ros_bridge-0.0.0-py3.10.egg-info
[0.769s] running install_scripts
[0.788s] Installing udp_bridge_pub script to /home/henry/Rover-Unity/unity_udp_ros_bridge/install/unity_udp_ros_bridge/lib/unity_udp_ros_bridge
[0.789s] Installing udp_bridge_srv script to /home/henry/Rover-Unity/unity_udp_ros_bridge/install/unity_udp_ros_bridge/lib/unity_udp_ros_bridge
[0.789s] Installing udp_bridge_sub script to /home/henry/Rover-Unity/unity_udp_ros_bridge/install/unity_udp_ros_bridge/lib/unity_udp_ros_bridge
[0.789s] writing list of installed files to '/home/henry/Rover-Unity/unity_udp_ros_bridge/build/unity_udp_ros_bridge/install.log'
[0.810s] Invoked command in '/home/henry/Rover-Unity/unity_udp_ros_bridge' returned '0': PYTHONPATH=/home/henry/Rover-Unity/unity_udp_ros_bridge/build/unity_udp_ros_bridge/prefix_override:/usr/lib/python3/dist-packages/colcon_core/task/python/colcon_distutils_commands:/home/henry/Rover-Unity/unity_udp_ros_bridge/install/unity_udp_ros_bridge/lib/python3.10/site-packages:${PYTHONPATH} /usr/bin/python3 -W ignore:setup.py install is deprecated -W ignore:easy_install command is deprecated setup.py egg_info --egg-base build/unity_udp_ros_bridge build --build-base /home/henry/Rover-Unity/unity_udp_ros_bridge/build/unity_udp_ros_bridge/build install --record /home/henry/Rover-Unity/unity_udp_ros_bridge/build/unity_udp_ros_bridge/install.log --single-version-externally-managed install_data
